<?xml version="1.0" encoding="UTF-8"?>
<testsuite xmlns:xsi="http://www.w3.org/2001/XMLSchema-instance" xsi:noNamespaceSchemaLocation="https://maven.apache.org/surefire/maven-surefire-plugin/xsd/surefire-test-report-3.0.xsd" version="3.0" name="com.api.testing.JsonPlaceholderApiTests" time="17.741" tests="10" errors="0" skipped="0" failures="0">
  <properties>
[...]
</properties>
  <testcase name="testGetAllPosts" classname="com.api.testing.JsonPlaceholderApiTests" time="8.732">
    <system-out><![CDATA[=== INICIANDO PRUEBAS DE API REST ===
Base URL: https://jsonplaceholder.typicode.com

--- Test: GET All Posts ---
✓ GET /posts ejecutado correctamente
]]></system-out>
  </testcase>
  <testcase name="testGetPostById" classname="com.api.testing.JsonPlaceholderApiTests" time="0.849">
    <system-out><![CDATA[
--- Test: GET Post by ID ---
✓ GET /posts/1 ejecutado correctamente
]]></system-out>
  </testcase>
  <testcase name="testGetNonExistentPost" classname="com.api.testing.JsonPlaceholderApiTests" time="0.708">
    <system-out><![CDATA[
--- Test: GET Non-existent Post ---
✓ GET /posts/999 retornó 404 como esperado
]]></system-out>
  </testcase>
  <testcase name="testCreatePost" classname="com.api.testing.JsonPlaceholderApiTests" time="1.011">
    <system-out><![CDATA[
--- Test: POST Create New Post ---
✓ POST /posts ejecutado correctamente. ID creado: 101
]]></system-out>
  </testcase>
  <testcase name="testUpdatePost" classname="com.api.testing.JsonPlaceholderApiTests" time="0.82">
    <system-out><![CDATA[
--- Test: PUT Update Post ---
✓ PUT /posts/1 ejecutado correctamente
]]></system-out>
  </testcase>
  <testcase name="testPatchPost" classname="com.api.testing.JsonPlaceholderApiTests" time="0.651">
    <system-out><![CDATA[
--- Test: PATCH Update Post ---
✓ PATCH /posts/1 ejecutado correctamente
]]></system-out>
  </testcase>
  <testcase name="testDeletePost" classname="com.api.testing.JsonPlaceholderApiTests" time="0.761">
    <system-out><![CDATA[
--- Test: DELETE Post ---
✓ DELETE /posts/1 ejecutado correctamente
]]></system-out>
  </testcase>
  <testcase name="testGetAllUsers" classname="com.api.testing.JsonPlaceholderApiTests" time="1.109">
    <system-out><![CDATA[
--- Test: GET All Users ---
✓ GET /users ejecutado correctamente
]]></system-out>
  </testcase>
  <testcase name="testGetCommentsByPostId" classname="com.api.testing.JsonPlaceholderApiTests" time="0.907">
    <system-out><![CDATA[
--- Test: GET Comments by PostID ---
✓ GET /comments?postId=1 ejecutado correctamente
]]></system-out>
  </testcase>
  <testcase name="testJsonStructureValidation" classname="com.api.testing.JsonPlaceholderApiTests" time="0.639">
    <system-out><![CDATA[
--- Test: JSON Structure Validation ---
✓ Validación de estructura JSON completada
]]></system-out>
  </testcase>
</testsuite>