<?xml version="1.0" encoding="UTF-8"?>
<testng-results ignored="0" total="2" passed="2" failed="0" skipped="0">
  <reporter-output>
  </reporter-output>
  <suite started-at="2025-07-21T20:47:36 CLT" name="Cross-Browser Test Suite" finished-at="2025-07-21T20:47:49 CLT" duration-ms="13034">
    <groups>
    </groups>
    <test started-at="2025-07-21T20:47:36 CLT" name="Chrome Test" finished-at="2025-07-21T20:47:41 CLT" duration-ms="4632">
      <class name="com.websolutions.CrossBrowserTest">
        <test-method signature="testCrossBrowser(java.lang.String)[pri:0, instance:com.websolutions.CrossBrowserTest@6a28ffa4]" started-at="2025-07-21T20:47:37 CLT" name="testCrossBrowser" finished-at="2025-07-21T20:47:41 CLT" duration-ms="4540" status="PASS">
          <params>
            <param index="0">
              <value>
                <![CDATA[chrome]]>
              </value>
            </param>
          </params>
          <reporter-output>
          </reporter-output>
        </test-method> <!-- testCrossBrowser -->
      </class> <!-- com.websolutions.CrossBrowserTest -->
    </test> <!-- Chrome Test -->
    <test started-at="2025-07-21T20:47:41 CLT" name="Firefox Test" finished-at="2025-07-21T20:47:49 CLT" duration-ms="8375">
      <class name="com.websolutions.CrossBrowserTest">
        <test-method signature="testCrossBrowser(java.lang.String)[pri:0, instance:com.websolutions.CrossBrowserTest@f5ac9e4]" started-at="2025-07-21T20:47:41 CLT" name="testCrossBrowser" finished-at="2025-07-21T20:47:49 CLT" duration-ms="8372" status="PASS">
          <params>
            <param index="0">
              <value>
                <![CDATA[firefox]]>
              </value>
            </param>
          </params>
          <reporter-output>
          </reporter-output>
        </test-method> <!-- testCrossBrowser -->
      </class> <!-- com.websolutions.CrossBrowserTest -->
    </test> <!-- Firefox Test -->
  </suite> <!-- Cross-Browser Test Suite -->
</testng-results>
