<?xml version="1.0" encoding="UTF-8"?>
<testsuite xmlns:xsi="http://www.w3.org/2001/XMLSchema-instance" xsi:noNamespaceSchemaLocation="https://maven.apache.org/surefire/maven-surefire-plugin/xsd/surefire-test-report-3.0.xsd" version="3.0" name="com.feature.RunCucumberTest" time="76.466" tests="2" errors="0" skipped="0" failures="0">
  <properties>
[...]
</properties>
  <testcase name="Funcionalidad de inicio de sesión - Login exitoso con credenciales válidas" classname="Funcionalidad de inicio de sesión" time="46.701">
    <system-out><![CDATA[
@smoke
Scenario: Login exitoso con credenciales válidas                &amp#27;[90m# features/Login.feature:4&amp#27;[0m
  &amp#27;[32mGiven &amp#27;[0m&amp#27;[32mque estoy en la página de inicio de sesión&amp#27;[0m              &amp#27;[90m# com.feature.stepdefinitions.StepsLogin.que_estoy_en_la_pagina_de_inicio_de_sesion()&amp#27;[0m
  &amp#27;[32mWhen &amp#27;[0m&amp#27;[32mingreso el RUT &amp#27;[0m&amp#27;[32m&amp#27;[1m"12.345.678-9"&amp#27;[0m&amp#27;[32m y la contraseña &amp#27;[0m&amp#27;[32m&amp#27;[1m"user1234"&amp#27;[0m &amp#27;[90m# com.feature.stepdefinitions.StepsLogin.ingreso_el_RUT_y_la_contraseña(java.lang.String,java.lang.String)&amp#27;[0m
  &amp#27;[32mAnd &amp#27;[0m&amp#27;[32mhago clic en el botón de ingresar&amp#27;[0m                         &amp#27;[90m# com.feature.stepdefinitions.StepsLogin.hago_clic_en_el_boton_de_ingresar()&amp#27;[0m
  &amp#27;[32mThen &amp#27;[0m&amp#27;[32mdebería estar en la página principal&amp#27;[0m                     &amp#27;[90m# com.feature.stepdefinitions.StepsLogin.deberia_estar_en_la_pagina_principal()&amp#27;[0m
]]></system-out>
    <system-err><![CDATA[SLF4J(W): No SLF4J providers were found.
SLF4J(W): Defaulting to no-operation (NOP) logger implementation
SLF4J(W): See https://www.slf4j.org/codes.html#noProviders for further details.
ago 10, 2025 1:19:29 A. M. org.openqa.selenium.devtools.CdpVersionFinder findNearestMatch
ADVERTENCIA: Unable to find CDP implementation matching 138
ago 10, 2025 1:19:29 A. M. org.openqa.selenium.chromium.ChromiumDriver lambda$new$5
ADVERTENCIA: Unable to find version of CDP to use for 138.0.7204.157. You may need to include a dependency on a specific version of the CDP using something similar to `org.seleniumhq.selenium:selenium-devtools-v86:4.21.0` where the version ("v86") matches the version of the chromium-based browser you're using and the version number of the artifact is the same as Selenium's.
]]></system-err>
  </testcase>
  <testcase name="Funcionalidad de inicio de sesión - Login fallido con credenciales inválidas" classname="Funcionalidad de inicio de sesión" time="17.317">
    <system-out><![CDATA[
@negative
Scenario: Login fallido con credenciales inválidas                      &amp#27;[90m# features/Login.feature:11&amp#27;[0m
  &amp#27;[32mGiven &amp#27;[0m&amp#27;[32mque estoy en la página de inicio de sesión&amp#27;[0m                      &amp#27;[90m# com.feature.stepdefinitions.StepsLogin.que_estoy_en_la_pagina_de_inicio_de_sesion()&amp#27;[0m
  &amp#27;[32mWhen &amp#27;[0m&amp#27;[32mingreso el RUT &amp#27;[0m&amp#27;[32m&amp#27;[1m"11.111.111-1"&amp#27;[0m&amp#27;[32m y la contraseña &amp#27;[0m&amp#27;[32m&amp#27;[1m"clave_incorrecta"&amp#27;[0m &amp#27;[90m# com.feature.stepdefinitions.StepsLogin.ingreso_el_RUT_y_la_contraseña(java.lang.String,java.lang.String)&amp#27;[0m
  &amp#27;[32mAnd &amp#27;[0m&amp#27;[32mhago clic en el botón de ingresar&amp#27;[0m                                 &amp#27;[90m# com.feature.stepdefinitions.StepsLogin.hago_clic_en_el_boton_de_ingresar()&amp#27;[0m
  &amp#27;[32mThen &amp#27;[0m&amp#27;[32mdebería quedar la misma url&amp#27;[0m                                      &amp#27;[90m# com.feature.stepdefinitions.StepsLogin.debería_quedar_la_misma_url()&amp#27;[0m
]]></system-out>
    <system-err><![CDATA[ago 10, 2025 1:19:51 A. M. org.openqa.selenium.devtools.CdpVersionFinder findNearestMatch
ADVERTENCIA: Unable to find CDP implementation matching 138
ago 10, 2025 1:19:51 A. M. org.openqa.selenium.chromium.ChromiumDriver lambda$new$5
ADVERTENCIA: Unable to find version of CDP to use for 138.0.7204.157. You may need to include a dependency on a specific version of the CDP using something similar to `org.seleniumhq.selenium:selenium-devtools-v86:4.21.0` where the version ("v86") matches the version of the chromium-based browser you're using and the version number of the artifact is the same as Selenium's.
]]></system-err>
  </testcase>
</testsuite>